Flow report for top
Sun Apr 21 11:47:31 2024
Quartus Prime Version 18.1.0 Build 625 09/12/2018 SJ Lite Edition


---------------------
; Table of Contents ;
---------------------
  1. Legal Notice
  2. Flow Summary
  3. Flow Settings
  4. Flow Non-Default Global Settings
  5. Flow Elapsed Time
  6. Flow OS Summary
  7. Flow Log
  8. Flow Messages
  9. Flow Suppressed Messages



----------------
; Legal Notice ;
----------------
Copyright (C) 2018  Intel Corporation. All rights reserved.
Your use of Intel Corporation's design tools, logic functions 
and other software and tools, and its AMPP partner logic 
functions, and any output files from any of the foregoing 
(including device programming or simulation files), and any 
associated documentation or information are expressly subject 
to the terms and conditions of the Intel Program License 
Subscription Agreement, the Intel Quartus Prime License Agreement,
the Intel FPGA IP License Agreement, or other applicable license
agreement, including, without limitation, that your use is for
the sole purpose of programming logic devices manufactured by
Intel and sold by Intel or its authorized distributors.  Please
refer to the applicable agreement for further details.



+-------------------------------------------------------------------------------+
; Flow Summary                                                                  ;
+---------------------------------+---------------------------------------------+
; Flow Status                     ; Successful - Sun Apr 21 11:47:31 2024       ;
; Quartus Prime Version           ; 18.1.0 Build 625 09/12/2018 SJ Lite Edition ;
; Revision Name                   ; top                                         ;
; Top-level Entity Name           ; top                                         ;
; Family                          ; Cyclone V                                   ;
; Device                          ; 5CSEMA5F31C6                                ;
; Timing Models                   ; Final                                       ;
; Logic utilization (in ALMs)     ; N/A                                         ;
; Total registers                 ; 5163                                        ;
; Total pins                      ; 206                                         ;
; Total virtual pins              ; 0                                           ;
; Total block memory bits         ; 2,238,704                                   ;
; Total DSP Blocks                ; 0                                           ;
; Total HSSI RX PCSs              ; 0                                           ;
; Total HSSI PMA RX Deserializers ; 0                                           ;
; Total HSSI TX PCSs              ; 0                                           ;
; Total HSSI PMA TX Serializers   ; 0                                           ;
; Total PLLs                      ; 3                                           ;
; Total DLLs                      ; 1                                           ;
+---------------------------------+---------------------------------------------+


+-----------------------------------------+
; Flow Settings                           ;
+-------------------+---------------------+
; Option            ; Setting             ;
+-------------------+---------------------+
; Start date & time ; 04/21/2024 11:43:04 ;
; Main task         ; Compilation         ;
; Revision Name     ; top                 ;
+-------------------+---------------------+


+------------------------------------------------------------------------------------------------------------------------------------------------------------------------------------------+
; Flow Non-Default Global Settings                                                                                                                                                         ;
+-------------------------------------------------+----------------------------------------------------------------------+---------------+------------------------------------+------------+
; Assignment Name                                 ; Value                                                                ; Default Value ; Entity Name                        ; Section Id ;
+-------------------------------------------------+----------------------------------------------------------------------+---------------+------------------------------------+------------+
; ALLOW_SHIFT_REGISTER_MERGING_ACROSS_HIERARCHIES ; Off                                                                  ; Auto          ; --                                 ; --         ;
; AUTO_PARALLEL_SYNTHESIS                         ; Off                                                                  ; On            ; --                                 ; --         ;
; COMPILER_SIGNATURE_ID                           ; 101405336882907.171371418405100                                      ; --            ; --                                 ; --         ;
; DISABLE_REGISTER_MERGING_ACROSS_HIERARCHIES     ; On                                                                   ; Auto          ; --                                 ; --         ;
; FITTER_EFFORT                                   ; Standard Fit                                                         ; Auto Fit      ; --                                 ; --         ;
; FIT_ONLY_ONE_ATTEMPT                            ; -- (Not supported for targeted family)                               ; Off           ; --                                 ; --         ;
; FLOW_DISABLE_ASSEMBLER                          ; On                                                                   ; Off           ; --                                 ; --         ;
; HPS_ISW_FILE                                    ; system/synthesis/submodules/sequencer/alt_types.pre.h                ; --            ; system_acl_iface_hps_hps_io_border ; --         ;
; HPS_ISW_FILE                                    ; system/synthesis/submodules/sequencer/tclrpt.pre.h                   ; --            ; system_acl_iface_hps_hps_io_border ; --         ;
; HPS_ISW_FILE                                    ; system/synthesis/submodules/sequencer/sequencer_auto.pre.h           ; --            ; system_acl_iface_hps_hps_io_border ; --         ;
; HPS_ISW_FILE                                    ; system/synthesis/submodules/sequencer/system.pre.h                   ; --            ; system_acl_iface_hps_hps_io_border ; --         ;
; HPS_ISW_FILE                                    ; system/synthesis/submodules/sequencer/emif.pre.xml                   ; --            ; system_acl_iface_hps_hps_io_border ; --         ;
; HPS_ISW_FILE                                    ; system/synthesis/submodules/sequencer/sdram_io.pre.h                 ; --            ; system_acl_iface_hps_hps_io_border ; --         ;
; HPS_ISW_FILE                                    ; system/synthesis/submodules/sequencer/sequencer.pre.h                ; --            ; system_acl_iface_hps_hps_io_border ; --         ;
; HPS_ISW_FILE                                    ; system/synthesis/submodules/sequencer/tclrpt.pre.c                   ; --            ; system_acl_iface_hps_hps_io_border ; --         ;
; HPS_ISW_FILE                                    ; system/synthesis/submodules/sequencer/sequencer_auto_ac_init.pre.c   ; --            ; system_acl_iface_hps_hps_io_border ; --         ;
; HPS_ISW_FILE                                    ; system/synthesis/submodules/sequencer/sequencer.pre.c                ; --            ; system_acl_iface_hps_hps_io_border ; --         ;
; HPS_ISW_FILE                                    ; system/synthesis/submodules/sequencer/sequencer_auto_inst_init.pre.c ; --            ; system_acl_iface_hps_hps_io_border ; --         ;
; HPS_ISW_FILE                                    ; system/synthesis/submodules/sequencer/sequencer_defines.pre.h        ; --            ; system_acl_iface_hps_hps_io_border ; --         ;
; HPS_ISW_FILE                                    ; system/synthesis/submodules/hps.pre.xml                              ; --            ; system_acl_iface_hps_hps_io_border ; --         ;
; HPS_PARTITION                                   ; On                                                                   ; --            ; system_acl_iface_hps_hps_io_border ; --         ;
; INCREMENTAL_COMPILATION_EXPORT_FILE             ; -- (Not supported for targeted family)                               ; --            ; --                                 ; --         ;
; MAX_CORE_JUNCTION_TEMP                          ; 85                                                                   ; --            ; --                                 ; --         ;
; MIN_CORE_JUNCTION_TEMP                          ; 0                                                                    ; --            ; --                                 ; --         ;
; MISC_FILE                                       ; system/synthesis/../system.cmp                                       ; --            ; --                                 ; --         ;
; MISC_FILE                                       ; system/synthesis/system_acl_iface_hps_hps.svd                        ; --            ; --                                 ; --         ;
; MISC_FILE                                       ; system/synthesis/../../system.qsys                                   ; --            ; --                                 ; --         ;
; MISC_FILE                                       ; system/synthesis/submodules/sequencer/alt_types.pre.h                ; --            ; --                                 ; --         ;
; MISC_FILE                                       ; system/synthesis/submodules/sequencer/tclrpt.pre.h                   ; --            ; --                                 ; --         ;
; MISC_FILE                                       ; system/synthesis/submodules/sequencer/sequencer_auto.pre.h           ; --            ; --                                 ; --         ;
; MISC_FILE                                       ; system/synthesis/submodules/sequencer/system.pre.h                   ; --            ; --                                 ; --         ;
; MISC_FILE                                       ; system/synthesis/submodules/sequencer/emif.pre.xml                   ; --            ; --                                 ; --         ;
; MISC_FILE                                       ; system/synthesis/submodules/sequencer/sdram_io.pre.h                 ; --            ; --                                 ; --         ;
; MISC_FILE                                       ; system/synthesis/submodules/sequencer/sequencer.pre.h                ; --            ; --                                 ; --         ;
; MISC_FILE                                       ; system/synthesis/submodules/sequencer/tclrpt.pre.c                   ; --            ; --                                 ; --         ;
; MISC_FILE                                       ; system/synthesis/submodules/sequencer/sequencer_auto_ac_init.pre.c   ; --            ; --                                 ; --         ;
; MISC_FILE                                       ; system/synthesis/submodules/sequencer/sequencer.pre.c                ; --            ; --                                 ; --         ;
; MISC_FILE                                       ; system/synthesis/submodules/sequencer/sequencer_auto_inst_init.pre.c ; --            ; --                                 ; --         ;
; MISC_FILE                                       ; system/synthesis/submodules/sequencer/sequencer_defines.pre.h        ; --            ; --                                 ; --         ;
; MISC_FILE                                       ; system/synthesis/submodules/hps.pre.xml                              ; --            ; --                                 ; --         ;
; OPTIMIZATION_TECHNIQUE                          ; Speed                                                                ; Balanced      ; --                                 ; --         ;
; PARTITION_COLOR                                 ; -- (Not supported for targeted family)                               ; --            ; --                                 ; Top        ;
; PARTITION_FITTER_PRESERVATION_LEVEL             ; -- (Not supported for targeted family)                               ; --            ; --                                 ; Top        ;
; PARTITION_NETLIST_TYPE                          ; -- (Not supported for targeted family)                               ; --            ; --                                 ; Top        ;
; PLACEMENT_EFFORT_MULTIPLIER                     ; 4.0                                                                  ; 1.0           ; --                                 ; --         ;
; POST_FLOW_SCRIPT_FILE                           ; quartus_cdb:scripts/post_flow.tcl                                    ; --            ; --                                 ; --         ;
; POST_MODULE_SCRIPT_FILE                         ; quartus_cdb:scripts/post_module.tcl                                  ; --            ; --                                 ; --         ;
; ROUTER_TIMING_OPTIMIZATION_LEVEL                ; MAXIMUM                                                              ; Normal        ; --                                 ; --         ;
; SEARCH_PATH                                     ; iface                                                                ; --            ; --                                 ; --         ;
; SLD_FILE                                        ; system/synthesis/system.regmap                                       ; --            ; --                                 ; --         ;
; SLD_FILE                                        ; system/synthesis/system.debuginfo                                    ; --            ; --                                 ; --         ;
; SLD_INFO                                        ; QSYS_NAME system HAS_SOPCINFO 1 GENERATION_ID 1711137439             ; --            ; system                             ; --         ;
; SOPCINFO_FILE                                   ; system/synthesis/../../system.sopcinfo                               ; --            ; --                                 ; --         ;
; SYNTHESIS_ONLY_QIP                              ; On                                                                   ; --            ; --                                 ; --         ;
; VERILOG_INPUT_VERSION                           ; SystemVerilog_2005                                                   ; Verilog_2001  ; --                                 ; --         ;
+-------------------------------------------------+----------------------------------------------------------------------+---------------+------------------------------------+------------+


+--------------------------------------------------------------------------------------------------------------------------+
; Flow Elapsed Time                                                                                                        ;
+----------------------+--------------+-------------------------+---------------------+------------------------------------+
; Module Name          ; Elapsed Time ; Average Processors Used ; Peak Virtual Memory ; Total CPU Time (on all processors) ;
+----------------------+--------------+-------------------------+---------------------+------------------------------------+
; Analysis & Synthesis ; 00:01:32     ; 1.0                     ; 1644 MB             ; 00:02:15                           ;
; Total                ; 00:01:32     ; --                      ; --                  ; 00:02:15                           ;
+----------------------+--------------+-------------------------+---------------------+------------------------------------+


+---------------------------------------------------------------------------------------------------------+
; Flow OS Summary                                                                                         ;
+----------------------+-----------------------------------+----------------+------------+----------------+
; Module Name          ; Machine Hostname                  ; OS Name        ; OS Version ; Processor type ;
+----------------------+-----------------------------------+----------------+------------+----------------+
; Analysis & Synthesis ; chandu-HP-Slim-Desktop-S01-pF1xxx ; Ubuntu 20.04.5 ; 20         ; x86_64         ;
+----------------------+-----------------------------------+----------------+------------+----------------+


------------
; Flow Log ;
------------
quartus_map --read_settings_files=on --write_settings_files=off top -c top



